Build started 11/23/2010 4:18:34 PM.
     1>Project "C:\Users\Julie\Desktop\ProjectEuler\Euler15\Euler15\Euler15.vcxproj" on node 2 (build target(s)).
     1>InitializeBuildStatus:
         Creating "Debug\Euler15.unsuccessfulbuild" because "AlwaysCreate" was specified.
       ClCompile:
         All outputs are up-to-date.
         C:\Program Files (x86)\Microsoft Visual Studio 10.0\VC\bin\CL.exe /c /ZI /nologo /W3 /WX- /Od /Oy- /D WIN32 /D _DEBUG /D _CONSOLE /D _UNICODE /D UNICODE /Gm /EHsc /RTC1 /MDd /GS /fp:precise /Zc:wchar_t /Zc:forScope /Yu"StdAfx.h" /Fp"Debug\Euler15.pch" /Fo"Debug\\" /Fd"Debug\vc100.pdb" /Gd /TP /analyze- /errorReport:prompt Euler15.cpp
         Euler15.cpp
       ManifestResourceCompile:
         All outputs are up-to-date.
       Link:
         C:\Program Files (x86)\Microsoft Visual Studio 10.0\VC\bin\link.exe /ERRORREPORT:PROMPT /OUT:"C:\Users\Julie\Desktop\ProjectEuler\Euler15\Debug\Euler15.exe" /INCREMENTAL /NOLOGO kernel32.lib user32.lib gdi32.lib winspool.lib comdlg32.lib advapi32.lib shell32.lib ole32.lib oleaut32.lib uuid.lib odbc32.lib odbccp32.lib /MANIFEST /ManifestFile:"Debug\Euler15.exe.intermediate.manifest" /MANIFESTUAC:"level='asInvoker' uiAccess='false'" /DEBUG /PDB:"C:\Users\Julie\Desktop\ProjectEuler\Euler15\Debug\Euler15.pdb" /SUBSYSTEM:CONSOLE /TLBID:1 /DYNAMICBASE /NXCOMPAT /IMPLIB:"C:\Users\Julie\Desktop\ProjectEuler\Euler15\Debug\Euler15.lib" /MACHINE:X86 Debug\Euler15.exe.embed.manifest.res
         Debug\Euler15.obj
         Debug\stdafx.obj
       Manifest:
         C:\Program Files (x86)\Microsoft SDKs\Windows\v7.0A\bin\mt.exe /nologo /verbose /out:"Debug\Euler15.exe.embed.manifest" /manifest Debug\Euler15.exe.intermediate.manifest
         All outputs are up-to-date.
       LinkEmbedManifest:
         All outputs are up-to-date.
         Euler15.vcxproj -> C:\Users\Julie\Desktop\ProjectEuler\Euler15\Debug\Euler15.exe
       FinalizeBuildStatus:
         Deleting file "Debug\Euler15.unsuccessfulbuild".
         Touching "Debug\Euler15.lastbuildstate".
     1>Done Building Project "C:\Users\Julie\Desktop\ProjectEuler\Euler15\Euler15\Euler15.vcxproj" (build target(s)).

Build succeeded.

Time Elapsed 00:00:01.15
