Build started 11/29/2010 8:41:39 PM.
     1>Project "C:\Users\Julie\Desktop\ProjectEuler\Euler28\Euler28\Euler28.vcxproj" on node 2 (build target(s)).
     1>PrepareForBuild:
         Creating directory "C:\Users\Julie\Desktop\ProjectEuler\Euler28\Debug\".
       InitializeBuildStatus:
         Creating "Debug\Euler28.unsuccessfulbuild" because "AlwaysCreate" was specified.
       ClCompile:
         C:\Program Files (x86)\Microsoft Visual Studio 10.0\VC\bin\CL.exe /c /ZI /nologo /W3 /WX- /Od /Oy- /D WIN32 /D _DEBUG /D _CONSOLE /D _UNICODE /D UNICODE /Gm /EHsc /RTC1 /MDd /GS /fp:precise /Zc:wchar_t /Zc:forScope /Yc"StdAfx.h" /Fp"Debug\Euler28.pch" /Fo"Debug\\" /Fd"Debug\vc100.pdb" /Gd /TP /analyze- /errorReport:prompt stdafx.cpp
         stdafx.cpp
         C:\Program Files (x86)\Microsoft Visual Studio 10.0\VC\bin\CL.exe /c /ZI /nologo /W3 /WX- /Od /Oy- /D WIN32 /D _DEBUG /D _CONSOLE /D _UNICODE /D UNICODE /Gm /EHsc /RTC1 /MDd /GS /fp:precise /Zc:wchar_t /Zc:forScope /Yu"StdAfx.h" /Fp"Debug\Euler28.pch" /Fo"Debug\\" /Fd"Debug\vc100.pdb" /Gd /TP /analyze- /errorReport:prompt Euler28.cpp
         Euler28.cpp
       ManifestResourceCompile:
         C:\Program Files (x86)\Microsoft SDKs\Windows\v7.0A\bin\rc.exe /nologo /fo"Debug\Euler28.exe.embed.manifest.res" Debug\Euler28_manifest.rc 
       Link:
         C:\Program Files (x86)\Microsoft Visual Studio 10.0\VC\bin\link.exe /ERRORREPORT:PROMPT /OUT:"C:\Users\Julie\Desktop\ProjectEuler\Euler28\Debug\Euler28.exe" /INCREMENTAL /NOLOGO kernel32.lib user32.lib gdi32.lib winspool.lib comdlg32.lib advapi32.lib shell32.lib ole32.lib oleaut32.lib uuid.lib odbc32.lib odbccp32.lib /MANIFEST /ManifestFile:"Debug\Euler28.exe.intermediate.manifest" /MANIFESTUAC:"level='asInvoker' uiAccess='false'" /DEBUG /PDB:"C:\Users\Julie\Desktop\ProjectEuler\Euler28\Debug\Euler28.pdb" /SUBSYSTEM:CONSOLE /TLBID:1 /DYNAMICBASE /NXCOMPAT /IMPLIB:"C:\Users\Julie\Desktop\ProjectEuler\Euler28\Debug\Euler28.lib" /MACHINE:X86 Debug\Euler28.exe.embed.manifest.res
         Debug\Euler28.obj
         Debug\stdafx.obj
       Manifest:
         C:\Program Files (x86)\Microsoft SDKs\Windows\v7.0A\bin\mt.exe /nologo /verbose /out:"Debug\Euler28.exe.embed.manifest" /manifest Debug\Euler28.exe.intermediate.manifest
         C:\Program Files (x86)\Microsoft SDKs\Windows\v7.0A\bin\rc.exe /nologo /fo"Debug\Euler28.exe.embed.manifest.res" Debug\Euler28_manifest.rc 
       LinkEmbedManifest:
         C:\Program Files (x86)\Microsoft Visual Studio 10.0\VC\bin\link.exe /ERRORREPORT:PROMPT /OUT:"C:\Users\Julie\Desktop\ProjectEuler\Euler28\Debug\Euler28.exe" /INCREMENTAL /NOLOGO kernel32.lib user32.lib gdi32.lib winspool.lib comdlg32.lib advapi32.lib shell32.lib ole32.lib oleaut32.lib uuid.lib odbc32.lib odbccp32.lib /MANIFEST /ManifestFile:"Debug\Euler28.exe.intermediate.manifest" /MANIFESTUAC:"level='asInvoker' uiAccess='false'" /DEBUG /PDB:"C:\Users\Julie\Desktop\ProjectEuler\Euler28\Debug\Euler28.pdb" /SUBSYSTEM:CONSOLE /TLBID:1 /DYNAMICBASE /NXCOMPAT /IMPLIB:"C:\Users\Julie\Desktop\ProjectEuler\Euler28\Debug\Euler28.lib" /MACHINE:X86 Debug\Euler28.exe.embed.manifest.res
         Debug\Euler28.obj
         Debug\stdafx.obj
         Euler28.vcxproj -> C:\Users\Julie\Desktop\ProjectEuler\Euler28\Debug\Euler28.exe
       FinalizeBuildStatus:
         Deleting file "Debug\Euler28.unsuccessfulbuild".
         Touching "Debug\Euler28.lastbuildstate".
     1>Done Building Project "C:\Users\Julie\Desktop\ProjectEuler\Euler28\Euler28\Euler28.vcxproj" (build target(s)).

Build succeeded.

Time Elapsed 00:00:02.38
