Build started 10/3/2010 12:38:38 PM.
     1>Project "C:\Users\Julie\Desktop\ProjectEuler\Sieve\Sieve\Sieve.vcxproj" on node 2 (build target(s)).
     1>InitializeBuildStatus:
         Creating "Debug\Sieve.unsuccessfulbuild" because "AlwaysCreate" was specified.
       ClCompile:
         All outputs are up-to-date.
         C:\Program Files (x86)\Microsoft Visual Studio 10.0\VC\bin\CL.exe /c /ZI /nologo /W3 /WX- /Od /Oy- /D WIN32 /D _DEBUG /D _CONSOLE /D _UNICODE /D UNICODE /Gm /EHsc /RTC1 /MDd /GS /fp:precise /Zc:wchar_t /Zc:forScope /Yu"StdAfx.h" /Fp"Debug\Sieve.pch" /Fo"Debug\\" /Fd"Debug\vc100.pdb" /Gd /TP /analyze- /errorReport:prompt Sieve.cpp
         Sieve.cpp
     1>c:\users\julie\desktop\projecteuler\sieve\sieve\sieve.cpp(47): warning C4018: '<=' : signed/unsigned mismatch
       ManifestResourceCompile:
         All outputs are up-to-date.
       Link:
         C:\Program Files (x86)\Microsoft Visual Studio 10.0\VC\bin\link.exe /ERRORREPORT:PROMPT /OUT:"C:\Users\Julie\Desktop\ProjectEuler\Sieve\Debug\Sieve.exe" /INCREMENTAL /NOLOGO kernel32.lib user32.lib gdi32.lib winspool.lib comdlg32.lib advapi32.lib shell32.lib ole32.lib oleaut32.lib uuid.lib odbc32.lib odbccp32.lib /MANIFEST /ManifestFile:"Debug\Sieve.exe.intermediate.manifest" /MANIFESTUAC:"level='asInvoker' uiAccess='false'" /DEBUG /PDB:"C:\Users\Julie\Desktop\ProjectEuler\Sieve\Debug\Sieve.pdb" /SUBSYSTEM:CONSOLE /TLBID:1 /DYNAMICBASE /NXCOMPAT /IMPLIB:"C:\Users\Julie\Desktop\ProjectEuler\Sieve\Debug\Sieve.lib" /MACHINE:X86 Debug\Sieve.exe.embed.manifest.res
         Debug\Sieve.obj
         Debug\stdafx.obj
       Manifest:
         C:\Program Files (x86)\Microsoft SDKs\Windows\v7.0A\bin\mt.exe /nologo /verbose /out:"Debug\Sieve.exe.embed.manifest" /manifest Debug\Sieve.exe.intermediate.manifest
         All outputs are up-to-date.
       LinkEmbedManifest:
         All outputs are up-to-date.
         Sieve.vcxproj -> C:\Users\Julie\Desktop\ProjectEuler\Sieve\Debug\Sieve.exe
       FinalizeBuildStatus:
         Deleting file "Debug\Sieve.unsuccessfulbuild".
         Touching "Debug\Sieve.lastbuildstate".
     1>Done Building Project "C:\Users\Julie\Desktop\ProjectEuler\Sieve\Sieve\Sieve.vcxproj" (build target(s)).

Build succeeded.

Time Elapsed 00:00:01.04
