Build started 11/22/2010 3:48:42 PM.
     1>Project "C:\Users\Julie\Desktop\ProjectEuler\Euler20\Euler20\Euler20.vcxproj" on node 2 (build target(s)).
     1>InitializeBuildStatus:
         Creating "Debug\Euler20.unsuccessfulbuild" because "AlwaysCreate" was specified.
       ClCompile:
         All outputs are up-to-date.
         C:\Program Files (x86)\Microsoft Visual Studio 10.0\VC\bin\CL.exe /c /ZI /nologo /W3 /WX- /Od /Oy- /D WIN32 /D _DEBUG /D _CONSOLE /D _UNICODE /D UNICODE /Gm /EHsc /RTC1 /MDd /GS /fp:precise /Zc:wchar_t /Zc:forScope /Yu"StdAfx.h" /Fp"Debug\Euler20.pch" /Fo"Debug\\" /Fd"Debug\vc100.pdb" /Gd /TP /analyze- /errorReport:prompt Euler20.cpp
         Euler20.cpp
     1>c:\users\julie\desktop\projecteuler\euler20\euler20\euler20.cpp(29): warning C4996: 'itoa': The POSIX name for this item is deprecated. Instead, use the ISO C++ conformant name: _itoa. See online help for details.
                 c:\program files (x86)\microsoft visual studio 10.0\vc\include\stdlib.h(867) : see declaration of 'itoa'
       ManifestResourceCompile:
         All outputs are up-to-date.
       Link:
         C:\Program Files (x86)\Microsoft Visual Studio 10.0\VC\bin\link.exe /ERRORREPORT:PROMPT /OUT:"C:\Users\Julie\Desktop\ProjectEuler\Euler20\Debug\Euler20.exe" /INCREMENTAL /NOLOGO kernel32.lib user32.lib gdi32.lib winspool.lib comdlg32.lib advapi32.lib shell32.lib ole32.lib oleaut32.lib uuid.lib odbc32.lib odbccp32.lib /MANIFEST /ManifestFile:"Debug\Euler20.exe.intermediate.manifest" /MANIFESTUAC:"level='asInvoker' uiAccess='false'" /DEBUG /PDB:"C:\Users\Julie\Desktop\ProjectEuler\Euler20\Debug\Euler20.pdb" /SUBSYSTEM:CONSOLE /TLBID:1 /DYNAMICBASE /NXCOMPAT /IMPLIB:"C:\Users\Julie\Desktop\ProjectEuler\Euler20\Debug\Euler20.lib" /MACHINE:X86 Debug\Euler20.exe.embed.manifest.res
         Debug\Euler20.obj
         Debug\stdafx.obj
       Manifest:
         C:\Program Files (x86)\Microsoft SDKs\Windows\v7.0A\bin\mt.exe /nologo /verbose /out:"Debug\Euler20.exe.embed.manifest" /manifest Debug\Euler20.exe.intermediate.manifest
         All outputs are up-to-date.
       LinkEmbedManifest:
         All outputs are up-to-date.
         Euler20.vcxproj -> C:\Users\Julie\Desktop\ProjectEuler\Euler20\Debug\Euler20.exe
       FinalizeBuildStatus:
         Deleting file "Debug\Euler20.unsuccessfulbuild".
         Touching "Debug\Euler20.lastbuildstate".
     1>Done Building Project "C:\Users\Julie\Desktop\ProjectEuler\Euler20\Euler20\Euler20.vcxproj" (build target(s)).

Build succeeded.

Time Elapsed 00:00:01.18
